<?xml version="1.0" encoding="UTF-8"?>
<!-- Generated by org.testng.reporters.JUnitReportReporter -->
<testsuite hostname="CACVSAL-4MBLFS1" name="com.comcast.cable.cvs.rss.reader.RssFetcherTest" tests="1" failures="0" timestamp="3 Jan 2013 21:52:16 GMT" time="2.934" errors="0">
  <testcase name="testFetch" time="2.934" classname="com.comcast.cable.cvs.rss.reader.RssFetcherTest"/>
</testsuite>
