<?xml version="1.0" encoding="UTF-8"?>
<!-- Generated by org.testng.reporters.JUnitReportReporter -->
<testsuite hostname="CACVSAL-4MBLFS1" name="com.comcast.cable.rss.services.SearchServiceImplTest" tests="1" failures="0" timestamp="4 Jan 2013 00:24:32 GMT" time="0.027" errors="0">
  <testcase name="testSearch" time="0.027" classname="com.comcast.cable.rss.services.SearchServiceImplTest"/>
</testsuite>
